2025-09-22 02:54:52,997 INFO 🚀 Бот для замены окон запущен
2025-09-22 02:54:53,167 INFO HTTP Request: POST https://api.telegram.org/bot8277241974:AAGltbUnGjSJkjlj3umXlbM2ApNLD-sxlmc/getMe "HTTP/1.1 200 OK"
2025-09-22 02:54:53,217 INFO HTTP Request: POST https://api.telegram.org/bot8277241974:AAGltbUnGjSJkjlj3umXlbM2ApNLD-sxlmc/deleteWebhook "HTTP/1.1 200 OK"
2025-09-22 02:54:53,218 INFO Application started
2025-09-22 02:55:03,363 INFO HTTP Request: POST https://api.telegram.org/bot8277241974:AAGltbUnGjSJkjlj3umXlbM2ApNLD-sxlmc/getUpdates "HTTP/1.1 200 OK"
2025-09-22 02:55:13,413 INFO HTTP Request: POST https://api.telegram.org/bot8277241974:AAGltbUnGjSJkjlj3umXlbM2ApNLD-sxlmc/getUpdates "HTTP/1.1 200 OK"
2025-09-22 02:55:23,462 INFO HTTP Request: POST https://api.telegram.org/bot8277241974:AAGltbUnGjSJkjlj3umXlbM2ApNLD-sxlmc/getUpdates "HTTP/1.1 200 OK"
2025-09-22 02:55:33,511 INFO HTTP Request: POST https://api.telegram.org/bot8277241974:AAGltbUnGjSJkjlj3umXlbM2ApNLD-sxlmc/getUpdates "HTTP/1.1 200 OK"
2025-09-22 02:55:43,560 INFO HTTP Request: POST https://api.telegram.org/bot8277241974:AAGltbUnGjSJkjlj3umXlbM2ApNLD-sxlmc/getUpdates "HTTP/1.1 200 OK"
2025-09-22 02:55:53,610 INFO HTTP Request: POST https://api.telegram.org/bot8277241974:AAGltbUnGjSJkjlj3umXlbM2ApNLD-sxlmc/getUpdates "HTTP/1.1 200 OK"
2025-09-22 02:56:03,660 INFO HTTP Request: POST https://api.telegram.org/bot8277241974:AAGltbUnGjSJkjlj3umXlbM2ApNLD-sxlmc/getUpdates "HTTP/1.1 200 OK"
2025-09-22 02:56:05,148 INFO HTTP Request: POST https://api.telegram.org/bot8277241974:AAGltbUnGjSJkjlj3umXlbM2ApNLD-sxlmc/getUpdates "HTTP/1.1 200 OK"
2025-09-22 02:56:05,318 INFO HTTP Request: POST https://api.telegram.org/bot8277241974:AAGltbUnGjSJkjlj3umXlbM2ApNLD-sxlmc/sendMessage "HTTP/1.1 200 OK"
2025-09-22 02:56:15,199 INFO HTTP Request: POST https://api.telegram.org/bot8277241974:AAGltbUnGjSJkjlj3umXlbM2ApNLD-sxlmc/getUpdates "HTTP/1.1 200 OK"
2025-09-22 02:56:25,248 INFO HTTP Request: POST https://api.telegram.org/bot8277241974:AAGltbUnGjSJkjlj3umXlbM2ApNLD-sxlmc/getUpdates "HTTP/1.1 200 OK"
2025-09-22 02:56:35,298 INFO HTTP Request: POST https://api.telegram.org/bot8277241974:AAGltbUnGjSJkjlj3umXlbM2ApNLD-sxlmc/getUpdates "HTTP/1.1 200 OK"
2025-09-22 02:56:37,107 INFO HTTP Request: POST https://api.telegram.org/bot8277241974:AAGltbUnGjSJkjlj3umXlbM2ApNLD-sxlmc/getUpdates "HTTP/1.1 200 OK"
2025-09-22 02:56:37,257 INFO HTTP Request: POST https://api.telegram.org/bot8277241974:AAGltbUnGjSJkjlj3umXlbM2ApNLD-sxlmc/sendMessage "HTTP/1.1 200 OK"
2025-09-22 02:56:37,302 INFO HTTP Request: POST https://api.telegram.org/bot8277241974:AAGltbUnGjSJkjlj3umXlbM2ApNLD-sxlmc/getFile "HTTP/1.1 200 OK"
2025-09-22 02:56:37,551 INFO Найдено 8 окон для пользователя 435740601
2025-09-22 02:56:37,609 INFO HTTP Request: POST https://api.telegram.org/bot8277241974:AAGltbUnGjSJkjlj3umXlbM2ApNLD-sxlmc/editMessageText "HTTP/1.1 200 OK"
2025-09-22 02:56:40,442 INFO HTTP Request: POST https://api.telegram.org/bot8277241974:AAGltbUnGjSJkjlj3umXlbM2ApNLD-sxlmc/getUpdates "HTTP/1.1 200 OK"
2025-09-22 02:56:40,493 INFO HTTP Request: POST https://api.telegram.org/bot8277241974:AAGltbUnGjSJkjlj3umXlbM2ApNLD-sxlmc/answerCallbackQuery "HTTP/1.1 200 OK"
2025-09-22 02:56:40,564 INFO HTTP Request: POST https://api.telegram.org/bot8277241974:AAGltbUnGjSJkjlj3umXlbM2ApNLD-sxlmc/editMessageText "HTTP/1.1 200 OK"
2025-09-22 02:56:40,623 ERROR Ошибка при замене окон: Ошибка Stability API: 404 <!DOCTYPE html>
<html lang=en>
  <meta charset=utf-8>
  <meta name=viewport content="initial-scale=1, minimum-scale=1, width=device-width">
  <title>Error 404 (Not Found)!!1</title>
  <style>
    *{margin:0;padding:0}html,code{font:15px/22px arial,sans-serif}html{background:#fff;color:#222;padding:15px}body{margin:7% auto 0;max-width:390px;min-height:180px;padding:30px 0 15px}* > body{background:url(//www.google.com/images/errors/robot.png) 100% 5px no-repeat;padding-right:205px}p{margin:11px 0 22px;overflow:hidden}ins{color:#777;text-decoration:none}a img{border:0}@media screen and (max-width:772px){body{background:none;margin-top:0;max-width:none;padding-right:0}}#logo{background:url(//www.google.com/images/branding/googlelogo/1x/googlelogo_color_150x54dp.png) no-repeat;margin-left:-5px}@media only screen and (min-resolution:192dpi){#logo{background:url(//www.google.com/images/branding/googlelogo/2x/googlelogo_color_150x54dp.png) no-repeat 0% 0%/100% 100%;-moz-border-image:url(//www.google.com/images/branding/googlelogo/2x/googlelogo_color_150x54dp.png) 0}}@media only screen and (-webkit-min-device-pixel-ratio:2){#logo{background:url(//www.google.com/images/branding/googlelogo/2x/googlelogo_color_150x54dp.png) no-repeat;-webkit-background-size:100% 100%}}#logo{display:inline-block;height:54px;width:150px}
  </style>
  <a href=//www.google.com/><span id=logo aria-label=Google></span></a>
  <p><b>404.</b> <ins>That’s an error.</ins>
  <p>The requested URL <code>/vi/N913hReVxMM/maxresdefault.jpg</code> was not found on this server.  <ins>That’s all we know.</ins>

2025-09-22 02:56:40,727 INFO HTTP Request: POST https://api.telegram.org/bot8277241974:AAGltbUnGjSJkjlj3umXlbM2ApNLD-sxlmc/editMessageText "HTTP/1.1 200 OK"
2025-09-22 02:56:50,492 INFO HTTP Request: POST https://api.telegram.org/bot8277241974:AAGltbUnGjSJkjlj3umXlbM2ApNLD-sxlmc/getUpdates "HTTP/1.1 200 OK"
2025-09-22 02:57:00,540 INFO HTTP Request: POST https://api.telegram.org/bot8277241974:AAGltbUnGjSJkjlj3umXlbM2ApNLD-sxlmc/getUpdates "HTTP/1.1 200 OK"
2025-09-22 02:57:10,591 INFO HTTP Request: POST https://api.telegram.org/bot8277241974:AAGltbUnGjSJkjlj3umXlbM2ApNLD-sxlmc/getUpdates "HTTP/1.1 200 OK"
2025-09-22 02:57:20,642 INFO HTTP Request: POST https://api.telegram.org/bot8277241974:AAGltbUnGjSJkjlj3umXlbM2ApNLD-sxlmc/getUpdates "HTTP/1.1 200 OK"
2025-09-22 02:57:30,691 INFO HTTP Request: POST https://api.telegram.org/bot8277241974:AAGltbUnGjSJkjlj3umXlbM2ApNLD-sxlmc/getUpdates "HTTP/1.1 200 OK"
2025-09-22 02:57:40,741 INFO HTTP Request: POST https://api.telegram.org/bot8277241974:AAGltbUnGjSJkjlj3umXlbM2ApNLD-sxlmc/getUpdates "HTTP/1.1 200 OK"
2025-09-22 02:57:50,790 INFO HTTP Request: POST https://api.telegram.org/bot8277241974:AAGltbUnGjSJkjlj3umXlbM2ApNLD-sxlmc/getUpdates "HTTP/1.1 200 OK"
2025-09-22 02:58:00,839 INFO HTTP Request: POST https://api.telegram.org/bot8277241974:AAGltbUnGjSJkjlj3umXlbM2ApNLD-sxlmc/getUpdates "HTTP/1.1 200 OK"
2025-09-22 02:58:10,890 INFO HTTP Request: POST https://api.telegram.org/bot8277241974:AAGltbUnGjSJkjlj3umXlbM2ApNLD-sxlmc/getUpdates "HTTP/1.1 200 OK"
2025-09-22 02:58:20,939 INFO HTTP Request: POST https://api.telegram.org/bot8277241974:AAGltbUnGjSJkjlj3umXlbM2ApNLD-sxlmc/getUpdates "HTTP/1.1 200 OK"
2025-09-22 02:58:30,989 INFO HTTP Request: POST https://api.telegram.org/bot8277241974:AAGltbUnGjSJkjlj3umXlbM2ApNLD-sxlmc/getUpdates "HTTP/1.1 200 OK"
2025-09-22 02:58:41,038 INFO HTTP Request: POST https://api.telegram.org/bot8277241974:AAGltbUnGjSJkjlj3umXlbM2ApNLD-sxlmc/getUpdates "HTTP/1.1 200 OK"
2025-09-22 02:58:51,092 INFO HTTP Request: POST https://api.telegram.org/bot8277241974:AAGltbUnGjSJkjlj3umXlbM2ApNLD-sxlmc/getUpdates "HTTP/1.1 200 OK"
2025-09-22 02:59:01,142 INFO HTTP Request: POST https://api.telegram.org/bot8277241974:AAGltbUnGjSJkjlj3umXlbM2ApNLD-sxlmc/getUpdates "HTTP/1.1 200 OK"
2025-09-22 02:59:11,190 INFO HTTP Request: POST https://api.telegram.org/bot8277241974:AAGltbUnGjSJkjlj3umXlbM2ApNLD-sxlmc/getUpdates "HTTP/1.1 200 OK"
2025-09-22 02:59:21,239 INFO HTTP Request: POST https://api.telegram.org/bot8277241974:AAGltbUnGjSJkjlj3umXlbM2ApNLD-sxlmc/getUpdates "HTTP/1.1 200 OK"
2025-09-22 02:59:31,291 INFO HTTP Request: POST https://api.telegram.org/bot8277241974:AAGltbUnGjSJkjlj3umXlbM2ApNLD-sxlmc/getUpdates "HTTP/1.1 200 OK"
2025-09-22 02:59:41,339 INFO HTTP Request: POST https://api.telegram.org/bot8277241974:AAGltbUnGjSJkjlj3umXlbM2ApNLD-sxlmc/getUpdates "HTTP/1.1 200 OK"
2025-09-22 02:59:51,389 INFO HTTP Request: POST https://api.telegram.org/bot8277241974:AAGltbUnGjSJkjlj3umXlbM2ApNLD-sxlmc/getUpdates "HTTP/1.1 200 OK"
2025-09-22 03:00:01,439 INFO HTTP Request: POST https://api.telegram.org/bot8277241974:AAGltbUnGjSJkjlj3umXlbM2ApNLD-sxlmc/getUpdates "HTTP/1.1 200 OK"
2025-09-22 03:00:11,490 INFO HTTP Request: POST https://api.telegram.org/bot8277241974:AAGltbUnGjSJkjlj3umXlbM2ApNLD-sxlmc/getUpdates "HTTP/1.1 200 OK"
2025-09-22 03:00:21,539 INFO HTTP Request: POST https://api.telegram.org/bot8277241974:AAGltbUnGjSJkjlj3umXlbM2ApNLD-sxlmc/getUpdates "HTTP/1.1 200 OK"
2025-09-22 03:00:31,594 INFO HTTP Request: POST https://api.telegram.org/bot8277241974:AAGltbUnGjSJkjlj3umXlbM2ApNLD-sxlmc/getUpdates "HTTP/1.1 200 OK"
2025-09-22 03:00:41,645 INFO HTTP Request: POST https://api.telegram.org/bot8277241974:AAGltbUnGjSJkjlj3umXlbM2ApNLD-sxlmc/getUpdates "HTTP/1.1 200 OK"
2025-09-22 03:00:51,695 INFO HTTP Request: POST https://api.telegram.org/bot8277241974:AAGltbUnGjSJkjlj3umXlbM2ApNLD-sxlmc/getUpdates "HTTP/1.1 200 OK"
2025-09-22 03:01:01,745 INFO HTTP Request: POST https://api.telegram.org/bot8277241974:AAGltbUnGjSJkjlj3umXlbM2ApNLD-sxlmc/getUpdates "HTTP/1.1 200 OK"
2025-09-22 03:01:11,796 INFO HTTP Request: POST https://api.telegram.org/bot8277241974:AAGltbUnGjSJkjlj3umXlbM2ApNLD-sxlmc/getUpdates "HTTP/1.1 200 OK"
2025-09-22 03:01:21,846 INFO HTTP Request: POST https://api.telegram.org/bot8277241974:AAGltbUnGjSJkjlj3umXlbM2ApNLD-sxlmc/getUpdates "HTTP/1.1 200 OK"
2025-09-22 03:01:31,896 INFO HTTP Request: POST https://api.telegram.org/bot8277241974:AAGltbUnGjSJkjlj3umXlbM2ApNLD-sxlmc/getUpdates "HTTP/1.1 200 OK"
2025-09-22 03:01:41,946 INFO HTTP Request: POST https://api.telegram.org/bot8277241974:AAGltbUnGjSJkjlj3umXlbM2ApNLD-sxlmc/getUpdates "HTTP/1.1 200 OK"
2025-09-22 03:01:51,996 INFO HTTP Request: POST https://api.telegram.org/bot8277241974:AAGltbUnGjSJkjlj3umXlbM2ApNLD-sxlmc/getUpdates "HTTP/1.1 200 OK"
2025-09-22 03:02:02,053 INFO HTTP Request: POST https://api.telegram.org/bot8277241974:AAGltbUnGjSJkjlj3umXlbM2ApNLD-sxlmc/getUpdates "HTTP/1.1 200 OK"
2025-09-22 03:02:12,104 INFO HTTP Request: POST https://api.telegram.org/bot8277241974:AAGltbUnGjSJkjlj3umXlbM2ApNLD-sxlmc/getUpdates "HTTP/1.1 200 OK"
2025-09-22 03:02:22,154 INFO HTTP Request: POST https://api.telegram.org/bot8277241974:AAGltbUnGjSJkjlj3umXlbM2ApNLD-sxlmc/getUpdates "HTTP/1.1 200 OK"
2025-09-22 03:02:32,204 INFO HTTP Request: POST https://api.telegram.org/bot8277241974:AAGltbUnGjSJkjlj3umXlbM2ApNLD-sxlmc/getUpdates "HTTP/1.1 200 OK"
2025-09-22 03:02:42,254 INFO HTTP Request: POST https://api.telegram.org/bot8277241974:AAGltbUnGjSJkjlj3umXlbM2ApNLD-sxlmc/getUpdates "HTTP/1.1 200 OK"
2025-09-22 03:02:52,305 INFO HTTP Request: POST https://api.telegram.org/bot8277241974:AAGltbUnGjSJkjlj3umXlbM2ApNLD-sxlmc/getUpdates "HTTP/1.1 200 OK"
2025-09-22 03:03:02,354 INFO HTTP Request: POST https://api.telegram.org/bot8277241974:AAGltbUnGjSJkjlj3umXlbM2ApNLD-sxlmc/getUpdates "HTTP/1.1 200 OK"
2025-09-22 03:03:12,404 INFO HTTP Request: POST https://api.telegram.org/bot8277241974:AAGltbUnGjSJkjlj3umXlbM2ApNLD-sxlmc/getUpdates "HTTP/1.1 200 OK"
2025-09-22 03:03:22,453 INFO HTTP Request: POST https://api.telegram.org/bot8277241974:AAGltbUnGjSJkjlj3umXlbM2ApNLD-sxlmc/getUpdates "HTTP/1.1 200 OK"
2025-09-22 03:03:32,503 INFO HTTP Request: POST https://api.telegram.org/bot8277241974:AAGltbUnGjSJkjlj3umXlbM2ApNLD-sxlmc/getUpdates "HTTP/1.1 200 OK"
2025-09-22 03:03:42,552 INFO HTTP Request: POST https://api.telegram.org/bot8277241974:AAGltbUnGjSJkjlj3umXlbM2ApNLD-sxlmc/getUpdates "HTTP/1.1 200 OK"
2025-09-22 03:03:52,602 INFO HTTP Request: POST https://api.telegram.org/bot8277241974:AAGltbUnGjSJkjlj3umXlbM2ApNLD-sxlmc/getUpdates "HTTP/1.1 200 OK"
2025-09-22 03:04:02,652 INFO HTTP Request: POST https://api.telegram.org/bot8277241974:AAGltbUnGjSJkjlj3umXlbM2ApNLD-sxlmc/getUpdates "HTTP/1.1 200 OK"
2025-09-22 03:04:12,702 INFO HTTP Request: POST https://api.telegram.org/bot8277241974:AAGltbUnGjSJkjlj3umXlbM2ApNLD-sxlmc/getUpdates "HTTP/1.1 200 OK"
2025-09-22 03:04:22,751 INFO HTTP Request: POST https://api.telegram.org/bot8277241974:AAGltbUnGjSJkjlj3umXlbM2ApNLD-sxlmc/getUpdates "HTTP/1.1 200 OK"
2025-09-22 03:04:32,807 INFO HTTP Request: POST https://api.telegram.org/bot8277241974:AAGltbUnGjSJkjlj3umXlbM2ApNLD-sxlmc/getUpdates "HTTP/1.1 200 OK"
2025-09-22 03:04:42,858 INFO HTTP Request: POST https://api.telegram.org/bot8277241974:AAGltbUnGjSJkjlj3umXlbM2ApNLD-sxlmc/getUpdates "HTTP/1.1 200 OK"
2025-09-22 03:04:52,909 INFO HTTP Request: POST https://api.telegram.org/bot8277241974:AAGltbUnGjSJkjlj3umXlbM2ApNLD-sxlmc/getUpdates "HTTP/1.1 200 OK"
2025-09-22 03:05:02,962 INFO HTTP Request: POST https://api.telegram.org/bot8277241974:AAGltbUnGjSJkjlj3umXlbM2ApNLD-sxlmc/getUpdates "HTTP/1.1 200 OK"
2025-09-22 03:05:13,021 INFO HTTP Request: POST https://api.telegram.org/bot8277241974:AAGltbUnGjSJkjlj3umXlbM2ApNLD-sxlmc/getUpdates "HTTP/1.1 200 OK"
2025-09-22 03:05:23,071 INFO HTTP Request: POST https://api.telegram.org/bot8277241974:AAGltbUnGjSJkjlj3umXlbM2ApNLD-sxlmc/getUpdates "HTTP/1.1 200 OK"
2025-09-22 03:05:33,122 INFO HTTP Request: POST https://api.telegram.org/bot8277241974:AAGltbUnGjSJkjlj3umXlbM2ApNLD-sxlmc/getUpdates "HTTP/1.1 200 OK"
2025-09-22 03:05:43,172 INFO HTTP Request: POST https://api.telegram.org/bot8277241974:AAGltbUnGjSJkjlj3umXlbM2ApNLD-sxlmc/getUpdates "HTTP/1.1 200 OK"
2025-09-22 03:05:53,221 INFO HTTP Request: POST https://api.telegram.org/bot8277241974:AAGltbUnGjSJkjlj3umXlbM2ApNLD-sxlmc/getUpdates "HTTP/1.1 200 OK"
2025-09-22 03:06:03,271 INFO HTTP Request: POST https://api.telegram.org/bot8277241974:AAGltbUnGjSJkjlj3umXlbM2ApNLD-sxlmc/getUpdates "HTTP/1.1 200 OK"
2025-09-22 03:06:13,322 INFO HTTP Request: POST https://api.telegram.org/bot8277241974:AAGltbUnGjSJkjlj3umXlbM2ApNLD-sxlmc/getUpdates "HTTP/1.1 200 OK"
2025-09-22 03:06:23,372 INFO HTTP Request: POST https://api.telegram.org/bot8277241974:AAGltbUnGjSJkjlj3umXlbM2ApNLD-sxlmc/getUpdates "HTTP/1.1 200 OK"
2025-09-22 03:06:33,423 INFO HTTP Request: POST https://api.telegram.org/bot8277241974:AAGltbUnGjSJkjlj3umXlbM2ApNLD-sxlmc/getUpdates "HTTP/1.1 200 OK"
2025-09-22 03:06:43,472 INFO HTTP Request: POST https://api.telegram.org/bot8277241974:AAGltbUnGjSJkjlj3umXlbM2ApNLD-sxlmc/getUpdates "HTTP/1.1 200 OK"
2025-09-22 03:06:53,523 INFO HTTP Request: POST https://api.telegram.org/bot8277241974:AAGltbUnGjSJkjlj3umXlbM2ApNLD-sxlmc/getUpdates "HTTP/1.1 200 OK"
2025-09-22 03:07:03,572 INFO HTTP Request: POST https://api.telegram.org/bot8277241974:AAGltbUnGjSJkjlj3umXlbM2ApNLD-sxlmc/getUpdates "HTTP/1.1 200 OK"
2025-09-22 03:07:13,622 INFO HTTP Request: POST https://api.telegram.org/bot8277241974:AAGltbUnGjSJkjlj3umXlbM2ApNLD-sxlmc/getUpdates "HTTP/1.1 200 OK"
2025-09-22 03:07:23,672 INFO HTTP Request: POST https://api.telegram.org/bot8277241974:AAGltbUnGjSJkjlj3umXlbM2ApNLD-sxlmc/getUpdates "HTTP/1.1 200 OK"
2025-09-22 03:07:33,722 INFO HTTP Request: POST https://api.telegram.org/bot8277241974:AAGltbUnGjSJkjlj3umXlbM2ApNLD-sxlmc/getUpdates "HTTP/1.1 200 OK"
2025-09-22 03:07:43,771 INFO HTTP Request: POST https://api.telegram.org/bot8277241974:AAGltbUnGjSJkjlj3umXlbM2ApNLD-sxlmc/getUpdates "HTTP/1.1 200 OK"
2025-09-22 03:07:53,820 INFO HTTP Request: POST https://api.telegram.org/bot8277241974:AAGltbUnGjSJkjlj3umXlbM2ApNLD-sxlmc/getUpdates "HTTP/1.1 200 OK"
2025-09-22 03:08:03,880 INFO HTTP Request: POST https://api.telegram.org/bot8277241974:AAGltbUnGjSJkjlj3umXlbM2ApNLD-sxlmc/getUpdates "HTTP/1.1 200 OK"
2025-09-22 03:08:13,929 INFO HTTP Request: POST https://api.telegram.org/bot8277241974:AAGltbUnGjSJkjlj3umXlbM2ApNLD-sxlmc/getUpdates "HTTP/1.1 200 OK"
2025-09-22 03:08:23,980 INFO HTTP Request: POST https://api.telegram.org/bot8277241974:AAGltbUnGjSJkjlj3umXlbM2ApNLD-sxlmc/getUpdates "HTTP/1.1 200 OK"
2025-09-22 03:08:34,032 INFO HTTP Request: POST https://api.telegram.org/bot8277241974:AAGltbUnGjSJkjlj3umXlbM2ApNLD-sxlmc/getUpdates "HTTP/1.1 200 OK"
2025-09-22 03:08:44,081 INFO HTTP Request: POST https://api.telegram.org/bot8277241974:AAGltbUnGjSJkjlj3umXlbM2ApNLD-sxlmc/getUpdates "HTTP/1.1 200 OK"
2025-09-22 03:08:54,132 INFO HTTP Request: POST https://api.telegram.org/bot8277241974:AAGltbUnGjSJkjlj3umXlbM2ApNLD-sxlmc/getUpdates "HTTP/1.1 200 OK"
2025-09-22 03:09:04,182 INFO HTTP Request: POST https://api.telegram.org/bot8277241974:AAGltbUnGjSJkjlj3umXlbM2ApNLD-sxlmc/getUpdates "HTTP/1.1 200 OK"
2025-09-22 03:09:14,232 INFO HTTP Request: POST https://api.telegram.org/bot8277241974:AAGltbUnGjSJkjlj3umXlbM2ApNLD-sxlmc/getUpdates "HTTP/1.1 200 OK"
2025-09-22 03:09:24,281 INFO HTTP Request: POST https://api.telegram.org/bot8277241974:AAGltbUnGjSJkjlj3umXlbM2ApNLD-sxlmc/getUpdates "HTTP/1.1 200 OK"
2025-09-22 03:09:34,331 INFO HTTP Request: POST https://api.telegram.org/bot8277241974:AAGltbUnGjSJkjlj3umXlbM2ApNLD-sxlmc/getUpdates "HTTP/1.1 200 OK"
2025-09-22 03:09:44,381 INFO HTTP Request: POST https://api.telegram.org/bot8277241974:AAGltbUnGjSJkjlj3umXlbM2ApNLD-sxlmc/getUpdates "HTTP/1.1 200 OK"
2025-09-22 03:09:54,430 INFO HTTP Request: POST https://api.telegram.org/bot8277241974:AAGltbUnGjSJkjlj3umXlbM2ApNLD-sxlmc/getUpdates "HTTP/1.1 200 OK"
2025-09-22 03:10:04,479 INFO HTTP Request: POST https://api.telegram.org/bot8277241974:AAGltbUnGjSJkjlj3umXlbM2ApNLD-sxlmc/getUpdates "HTTP/1.1 200 OK"
2025-09-22 03:10:14,528 INFO HTTP Request: POST https://api.telegram.org/bot8277241974:AAGltbUnGjSJkjlj3umXlbM2ApNLD-sxlmc/getUpdates "HTTP/1.1 200 OK"
2025-09-22 03:10:24,590 INFO HTTP Request: POST https://api.telegram.org/bot8277241974:AAGltbUnGjSJkjlj3umXlbM2ApNLD-sxlmc/getUpdates "HTTP/1.1 200 OK"
2025-09-22 03:10:34,640 INFO HTTP Request: POST https://api.telegram.org/bot8277241974:AAGltbUnGjSJkjlj3umXlbM2ApNLD-sxlmc/getUpdates "HTTP/1.1 200 OK"
2025-09-22 03:10:44,690 INFO HTTP Request: POST https://api.telegram.org/bot8277241974:AAGltbUnGjSJkjlj3umXlbM2ApNLD-sxlmc/getUpdates "HTTP/1.1 200 OK"
2025-09-22 03:10:54,741 INFO HTTP Request: POST https://api.telegram.org/bot8277241974:AAGltbUnGjSJkjlj3umXlbM2ApNLD-sxlmc/getUpdates "HTTP/1.1 200 OK"
2025-09-22 03:11:04,797 INFO HTTP Request: POST https://api.telegram.org/bot8277241974:AAGltbUnGjSJkjlj3umXlbM2ApNLD-sxlmc/getUpdates "HTTP/1.1 200 OK"
2025-09-22 03:11:14,847 INFO HTTP Request: POST https://api.telegram.org/bot8277241974:AAGltbUnGjSJkjlj3umXlbM2ApNLD-sxlmc/getUpdates "HTTP/1.1 200 OK"
2025-09-22 03:11:25,001 INFO HTTP Request: POST https://api.telegram.org/bot8277241974:AAGltbUnGjSJkjlj3umXlbM2ApNLD-sxlmc/getUpdates "HTTP/1.1 200 OK"
2025-09-22 03:11:35,062 INFO HTTP Request: POST https://api.telegram.org/bot8277241974:AAGltbUnGjSJkjlj3umXlbM2ApNLD-sxlmc/getUpdates "HTTP/1.1 200 OK"
2025-09-22 03:11:45,110 INFO HTTP Request: POST https://api.telegram.org/bot8277241974:AAGltbUnGjSJkjlj3umXlbM2ApNLD-sxlmc/getUpdates "HTTP/1.1 200 OK"
2025-09-22 03:11:55,160 INFO HTTP Request: POST https://api.telegram.org/bot8277241974:AAGltbUnGjSJkjlj3umXlbM2ApNLD-sxlmc/getUpdates "HTTP/1.1 200 OK"
2025-09-22 03:12:05,208 INFO HTTP Request: POST https://api.telegram.org/bot8277241974:AAGltbUnGjSJkjlj3umXlbM2ApNLD-sxlmc/getUpdates "HTTP/1.1 200 OK"
2025-09-22 03:12:15,260 INFO HTTP Request: POST https://api.telegram.org/bot8277241974:AAGltbUnGjSJkjlj3umXlbM2ApNLD-sxlmc/getUpdates "HTTP/1.1 200 OK"
2025-09-22 03:12:25,308 INFO HTTP Request: POST https://api.telegram.org/bot8277241974:AAGltbUnGjSJkjlj3umXlbM2ApNLD-sxlmc/getUpdates "HTTP/1.1 200 OK"
2025-09-22 03:12:35,356 INFO HTTP Request: POST https://api.telegram.org/bot8277241974:AAGltbUnGjSJkjlj3umXlbM2ApNLD-sxlmc/getUpdates "HTTP/1.1 200 OK"
2025-09-22 03:12:45,404 INFO HTTP Request: POST https://api.telegram.org/bot8277241974:AAGltbUnGjSJkjlj3umXlbM2ApNLD-sxlmc/getUpdates "HTTP/1.1 200 OK"
2025-09-22 03:12:55,452 INFO HTTP Request: POST https://api.telegram.org/bot8277241974:AAGltbUnGjSJkjlj3umXlbM2ApNLD-sxlmc/getUpdates "HTTP/1.1 200 OK"
2025-09-22 03:13:05,500 INFO HTTP Request: POST https://api.telegram.org/bot8277241974:AAGltbUnGjSJkjlj3umXlbM2ApNLD-sxlmc/getUpdates "HTTP/1.1 200 OK"
2025-09-22 03:13:15,548 INFO HTTP Request: POST https://api.telegram.org/bot8277241974:AAGltbUnGjSJkjlj3umXlbM2ApNLD-sxlmc/getUpdates "HTTP/1.1 200 OK"
2025-09-22 03:13:25,597 INFO HTTP Request: POST https://api.telegram.org/bot8277241974:AAGltbUnGjSJkjlj3umXlbM2ApNLD-sxlmc/getUpdates "HTTP/1.1 200 OK"
2025-09-22 03:13:35,646 INFO HTTP Request: POST https://api.telegram.org/bot8277241974:AAGltbUnGjSJkjlj3umXlbM2ApNLD-sxlmc/getUpdates "HTTP/1.1 200 OK"
2025-09-22 03:13:45,694 INFO HTTP Request: POST https://api.telegram.org/bot8277241974:AAGltbUnGjSJkjlj3umXlbM2ApNLD-sxlmc/getUpdates "HTTP/1.1 200 OK"
2025-09-22 03:13:55,743 INFO HTTP Request: POST https://api.telegram.org/bot8277241974:AAGltbUnGjSJkjlj3umXlbM2ApNLD-sxlmc/getUpdates "HTTP/1.1 200 OK"
2025-09-22 03:14:05,790 INFO HTTP Request: POST https://api.telegram.org/bot8277241974:AAGltbUnGjSJkjlj3umXlbM2ApNLD-sxlmc/getUpdates "HTTP/1.1 200 OK"
2025-09-22 03:14:15,839 INFO HTTP Request: POST https://api.telegram.org/bot8277241974:AAGltbUnGjSJkjlj3umXlbM2ApNLD-sxlmc/getUpdates "HTTP/1.1 200 OK"
2025-09-22 03:14:25,888 INFO HTTP Request: POST https://api.telegram.org/bot8277241974:AAGltbUnGjSJkjlj3umXlbM2ApNLD-sxlmc/getUpdates "HTTP/1.1 200 OK"
2025-09-22 03:14:29,578 INFO HTTP Request: POST https://api.telegram.org/bot8277241974:AAGltbUnGjSJkjlj3umXlbM2ApNLD-sxlmc/getUpdates "HTTP/1.1 200 OK"
2025-09-22 03:14:29,579 INFO Application is stopping. This might take a moment.
2025-09-22 03:14:29,579 INFO Application.stop() complete
